This is pdfTeX, Version 3.141592653-2.6-1.40.26 (TeX Live 2024) (preloaded format=pdflatex 2024.11.12)  28 JAN 2025 21:21
entering extended mode
 restricted \write18 enabled.
 file:line:error style messages enabled.
 %&-line parsing enabled.
**Assignment_2.tex
(./Assignment_2.tex
LaTeX2e <2023-11-01> patch level 1
L3 programming layer <2024-02-20>
(/usr/local/texlive/2024/texmf-dist/tex/latex/base/article.cls
Document Class: article 2023/05/17 v1.4n Standard LaTeX document class
(/usr/local/texlive/2024/texmf-dist/tex/latex/base/size11.clo
File: size11.clo 2023/05/17 v1.4n Standard LaTeX file (size option)
)
\c@part=\count188
\c@section=\count189
\c@subsection=\count190
\c@subsubsection=\count191
\c@paragraph=\count192
\c@subparagraph=\count193
\c@figure=\count194
\c@table=\count195
\abovecaptionskip=\skip48
\belowcaptionskip=\skip49
\bibindent=\dimen140
) (/usr/local/texlive/2024/texmf-dist/tex/latex/amsfonts/amssymb.sty
Package: amssymb 2013/01/14 v3.01 AMS font symbols
 (/usr/local/texlive/2024/texmf-dist/tex/latex/amsfonts/amsfonts.sty
Package: amsfonts 2013/01/14 v3.01 Basic AMSFonts support
\@emptytoks=\toks17
\symAMSa=\mathgroup4
\symAMSb=\mathgroup5
LaTeX Font Info:    Redeclaring math symbol \hbar on input line 98.
LaTeX Font Info:    Overwriting math alphabet `\mathfrak' in version `bold'
(Font)                  U/euf/m/n --> U/euf/b/n on input line 106.
)) (/usr/local/texlive/2024/texmf-dist/tex/latex/amsmath/amsmath.sty
Package: amsmath 2023/05/13 v2.17o AMS math features
\@mathmargin=\skip50

For additional information on amsmath, use the `?' option.
(/usr/local/texlive/2024/texmf-dist/tex/latex/amsmath/amstext.sty
Package: amstext 2021/08/26 v2.01 AMS text
 (/usr/local/texlive/2024/texmf-dist/tex/latex/amsmath/amsgen.sty
File: amsgen.sty 1999/11/30 v2.0 generic functions
\@emptytoks=\toks18
\ex@=\dimen141
)) (/usr/local/texlive/2024/texmf-dist/tex/latex/amsmath/amsbsy.sty
Package: amsbsy 1999/11/29 v1.2d Bold Symbols
\pmbraise@=\dimen142
) (/usr/local/texlive/2024/texmf-dist/tex/latex/amsmath/amsopn.sty
Package: amsopn 2022/04/08 v2.04 operator names
)
\inf@bad=\count196
LaTeX Info: Redefining \frac on input line 234.
\uproot@=\count197
\leftroot@=\count198
LaTeX Info: Redefining \overline on input line 399.
LaTeX Info: Redefining \colon on input line 410.
\classnum@=\count199
\DOTSCASE@=\count266
LaTeX Info: Redefining \ldots on input line 496.
LaTeX Info: Redefining \dots on input line 499.
LaTeX Info: Redefining \cdots on input line 620.
\Mathstrutbox@=\box51
\strutbox@=\box52
LaTeX Info: Redefining \big on input line 722.
LaTeX Info: Redefining \Big on input line 723.
LaTeX Info: Redefining \bigg on input line 724.
LaTeX Info: Redefining \Bigg on input line 725.
\big@size=\dimen143
LaTeX Font Info:    Redeclaring font encoding OML on input line 743.
LaTeX Font Info:    Redeclaring font encoding OMS on input line 744.
\macc@depth=\count267
LaTeX Info: Redefining \bmod on input line 905.
LaTeX Info: Redefining \pmod on input line 910.
LaTeX Info: Redefining \smash on input line 940.
LaTeX Info: Redefining \relbar on input line 970.
LaTeX Info: Redefining \Relbar on input line 971.
\c@MaxMatrixCols=\count268
\dotsspace@=\muskip16
\c@parentequation=\count269
\dspbrk@lvl=\count270
\tag@help=\toks19
\row@=\count271
\column@=\count272
\maxfields@=\count273
\andhelp@=\toks20
\eqnshift@=\dimen144
\alignsep@=\dimen145
\tagshift@=\dimen146
\tagwidth@=\dimen147
\totwidth@=\dimen148
\lineht@=\dimen149
\@envbody=\toks21
\multlinegap=\skip51
\multlinetaggap=\skip52
\mathdisplay@stack=\toks22
LaTeX Info: Redefining \[ on input line 2953.
LaTeX Info: Redefining \] on input line 2954.
) (/usr/local/texlive/2024/texmf-dist/tex/latex/amscls/amsthm.sty
Package: amsthm 2020/05/29 v2.20.6
\thm@style=\toks23
\thm@bodyfont=\toks24
\thm@headfont=\toks25
\thm@notefont=\toks26
\thm@headpunct=\toks27
\thm@preskip=\skip53
\thm@postskip=\skip54
\thm@headsep=\skip55
\dth@everypar=\toks28
) (/usr/local/texlive/2024/texmf-dist/tex/latex/enumitem/enumitem.sty
Package: enumitem 2019/06/20 v3.9 Customized lists
\enitkv@toks@=\toks29
\labelindent=\skip56
\enit@outerparindent=\dimen150
\enit@toks=\toks30
\enit@inbox=\box53
\enit@count@id=\count274
\enitdp@description=\count275
) (/usr/local/texlive/2024/texmf-dist/tex/latex/pdfpages/pdfpages.sty
Package: pdfpages 2024/01/21 v0.5y Insert pages of external PDF documents (AM)
 (/usr/local/texlive/2024/texmf-dist/tex/latex/base/ifthen.sty
Package: ifthen 2022/04/13 v1.1d Standard LaTeX ifthen package (DPC)
) (/usr/local/texlive/2024/texmf-dist/tex/latex/tools/calc.sty
Package: calc 2023/07/08 v4.3 Infix arithmetic (KKT,FJ)
\calc@Acount=\count276
\calc@Bcount=\count277
\calc@Adimen=\dimen151
\calc@Bdimen=\dimen152
\calc@Askip=\skip57
\calc@Bskip=\skip58
LaTeX Info: Redefining \setlength on input line 80.
LaTeX Info: Redefining \addtolength on input line 81.
\calc@Ccount=\count278
\calc@Cskip=\skip59
) (/usr/local/texlive/2024/texmf-dist/tex/latex/eso-pic/eso-pic.sty
Package: eso-pic 2023/05/03 v3.0c eso-pic (RN)
\ESO@tempdima=\dimen153
\ESO@tempdimb=\dimen154
 (/usr/local/texlive/2024/texmf-dist/tex/latex/graphics/keyval.sty
Package: keyval 2022/05/29 v1.15 key=value parser (DPC)
\KV@toks@=\toks31
) (/usr/local/texlive/2024/texmf-dist/tex/latex/xcolor/xcolor.sty
Package: xcolor 2023/11/15 v3.01 LaTeX color extensions (UK)
 (/usr/local/texlive/2024/texmf-dist/tex/latex/graphics-cfg/color.cfg
File: color.cfg 2016/01/02 v1.6 sample color configuration
)
Package xcolor Info: Driver file: pdftex.def on input line 274.
 (/usr/local/texlive/2024/texmf-dist/tex/latex/graphics-def/pdftex.def
File: pdftex.def 2022/09/22 v1.2b Graphics/color driver for pdftex
) (/usr/local/texlive/2024/texmf-dist/tex/latex/graphics/mathcolor.ltx)
Package xcolor Info: Model `cmy' substituted by `cmy0' on input line 1350.
Package xcolor Info: Model `hsb' substituted by `rgb' on input line 1354.
Package xcolor Info: Model `RGB' extended on input line 1366.
Package xcolor Info: Model `HTML' substituted by `rgb' on input line 1368.
Package xcolor Info: Model `Hsb' substituted by `hsb' on input line 1369.
Package xcolor Info: Model `tHsb' substituted by `hsb' on input line 1370.
Package xcolor Info: Model `HSB' substituted by `hsb' on input line 1371.
Package xcolor Info: Model `Gray' substituted by `gray' on input line 1372.
Package xcolor Info: Model `wave' substituted by `hsb' on input line 1373.
)) (/usr/local/texlive/2024/texmf-dist/tex/latex/graphics/graphicx.sty
Package: graphicx 2021/09/16 v1.2d Enhanced LaTeX Graphics (DPC,SPQR)
 (/usr/local/texlive/2024/texmf-dist/tex/latex/graphics/graphics.sty
Package: graphics 2022/03/10 v1.4e Standard LaTeX Graphics (DPC,SPQR)
 (/usr/local/texlive/2024/texmf-dist/tex/latex/graphics/trig.sty
Package: trig 2021/08/11 v1.11 sin cos tan (DPC)
) (/usr/local/texlive/2024/texmf-dist/tex/latex/graphics-cfg/graphics.cfg
File: graphics.cfg 2016/06/04 v1.11 sample graphics configuration
)
Package graphics Info: Driver file: pdftex.def on input line 107.
)
\Gin@req@height=\dimen155
\Gin@req@width=\dimen156
)
\AM@pagewidth=\dimen157
\AM@pageheight=\dimen158
\AM@fboxrule=\dimen159
 (/usr/local/texlive/2024/texmf-dist/tex/latex/pdfpages/pppdftex.def
File: pppdftex.def 2024/01/21 v0.5y Pdfpages driver for pdfTeX (AM)
)
\pdfpages@includegraphics@status=\count279
\AM@pagebox=\box54
\AM@global@opts=\toks32
\AM@pagecnt=\count280
\AM@toc@title=\toks33
\AM@lof@heading=\toks34
\c@AM@survey=\count281
\AM@templatesizebox=\box55
) (/usr/local/texlive/2024/texmf-dist/tex/latex/geometry/geometry.sty
Package: geometry 2020/01/02 v5.9 Page Geometry
 (/usr/local/texlive/2024/texmf-dist/tex/generic/iftex/ifvtex.sty
Package: ifvtex 2019/10/25 v1.7 ifvtex legacy package. Use iftex instead.
 (/usr/local/texlive/2024/texmf-dist/tex/generic/iftex/iftex.sty
Package: iftex 2022/02/03 v1.0f TeX engine tests
))
\Gm@cnth=\count282
\Gm@cntv=\count283
\c@Gm@tempcnt=\count284
\Gm@bindingoffset=\dimen160
\Gm@wd@mp=\dimen161
\Gm@odd@mp=\dimen162
\Gm@even@mp=\dimen163
\Gm@layoutwidth=\dimen164
\Gm@layoutheight=\dimen165
\Gm@layouthoffset=\dimen166
\Gm@layoutvoffset=\dimen167
\Gm@dimlist=\toks35
) (/usr/local/texlive/2024/texmf-dist/tex/latex/l3backend/l3backend-pdftex.def
File: l3backend-pdftex.def 2024-02-20 L3 backend support: PDF output (pdfTeX)
\l__color_backend_stack_int=\count285
\l__pdf_internal_box=\box56
) (./Assignment_2.aux)
\openout1 = `Assignment_2.aux'.

LaTeX Font Info:    Checking defaults for OML/cmm/m/it on input line 18.
LaTeX Font Info:    ... okay on input line 18.
LaTeX Font Info:    Checking defaults for OMS/cmsy/m/n on input line 18.
LaTeX Font Info:    ... okay on input line 18.
LaTeX Font Info:    Checking defaults for OT1/cmr/m/n on input line 18.
LaTeX Font Info:    ... okay on input line 18.
LaTeX Font Info:    Checking defaults for T1/cmr/m/n on input line 18.
LaTeX Font Info:    ... okay on input line 18.
LaTeX Font Info:    Checking defaults for TS1/cmr/m/n on input line 18.
LaTeX Font Info:    ... okay on input line 18.
LaTeX Font Info:    Checking defaults for OMX/cmex/m/n on input line 18.
LaTeX Font Info:    ... okay on input line 18.
LaTeX Font Info:    Checking defaults for U/cmr/m/n on input line 18.
LaTeX Font Info:    ... okay on input line 18.
 (/usr/local/texlive/2024/texmf-dist/tex/context/base/mkii/supp-pdf.mkii
[Loading MPS to PDF converter (version 2006.09.02).]
\scratchcounter=\count286
\scratchdimen=\dimen168
\scratchbox=\box57
\nofMPsegments=\count287
\nofMParguments=\count288
\everyMPshowfont=\toks36
\MPscratchCnt=\count289
\MPscratchDim=\dimen169
\MPnumerator=\count290
\makeMPintoPDFobject=\count291
\everyMPtoPDFconversion=\toks37
) (/usr/local/texlive/2024/texmf-dist/tex/latex/epstopdf-pkg/epstopdf-base.sty
Package: epstopdf-base 2020-01-24 v2.11 Base part for package epstopdf
Package epstopdf-base Info: Redefining graphics rule for `.eps' on input line 485.
 (/usr/local/texlive/2024/texmf-dist/tex/latex/latexconfig/epstopdf-sys.cfg
File: epstopdf-sys.cfg 2010/07/13 v1.3 Configuration of (r)epstopdf for TeX Live
)) (/usr/local/texlive/2024/texmf-dist/tex/latex/pdflscape/pdflscape.sty
Package: pdflscape 2022-10-27 v0.13 Display of landscape pages in PDF
 (/usr/local/texlive/2024/texmf-dist/tex/latex/pdflscape/pdflscape-nometadata.sty
Package: pdflscape-nometadata 2022-10-28 v0.13 Display of landscape pages in PDF (HO)
 (/usr/local/texlive/2024/texmf-dist/tex/latex/graphics/lscape.sty
Package: lscape 2020/05/28 v3.02 Landscape Pages (DPC)
)
Package pdflscape Info: Auto-detected driver: pdftex on input line 81.
))
*geometry* driver: auto-detecting
*geometry* detected driver: pdftex
*geometry* verbose mode - [ preamble ] result:
* driver: pdftex
* paper: <default>
* layout: <same size as paper>
* layoutoffset:(h,v)=(0.0pt,0.0pt)
* modes: 
* h-part:(L,W,R)=(72.26999pt, 469.75502pt, 72.26999pt)
* v-part:(T,H,B)=(72.26999pt, 650.43001pt, 72.26999pt)
* \paperwidth=614.295pt
* \paperheight=794.96999pt
* \textwidth=469.75502pt
* \textheight=650.43001pt
* \oddsidemargin=0.0pt
* \evensidemargin=0.0pt
* \topmargin=-37.0pt
* \headheight=12.0pt
* \headsep=25.0pt
* \topskip=11.0pt
* \footskip=30.0pt
* \marginparwidth=59.0pt
* \marginparsep=10.0pt
* \columnsep=10.0pt
* \skip\footins=10.0pt plus 4.0pt minus 2.0pt
* \hoffset=0.0pt
* \voffset=0.0pt
* \mag=1000
* \@twocolumnfalse
* \@twosidefalse
* \@mparswitchfalse
* \@reversemarginfalse
* (1in=72.27pt=25.4mm, 1cm=28.453pt)

LaTeX Font Info:    Trying to load font information for U+msa on input line 19.
(/usr/local/texlive/2024/texmf-dist/tex/latex/amsfonts/umsa.fd
File: umsa.fd 2013/01/14 v3.01 AMS symbols A
)
LaTeX Font Info:    Trying to load font information for U+msb on input line 19.
 (/usr/local/texlive/2024/texmf-dist/tex/latex/amsfonts/umsb.fd
File: umsb.fd 2013/01/14 v3.01 AMS symbols B
)
<Assignment_2_q1.pdf, id=1, 614.295pt x 794.97pt>
File: Assignment_2_q1.pdf Graphic file (type pdf)
<use Assignment_2_q1.pdf>
Package pdftex.def Info: Assignment_2_q1.pdf  used on input line 47.
(pdftex.def)             Requested size: 614.29349pt x 794.96806pt.
File: Assignment_2_q1.pdf Graphic file (type pdf)
<use Assignment_2_q1.pdf>
Package pdftex.def Info: Assignment_2_q1.pdf  used on input line 47.
(pdftex.def)             Requested size: 614.29349pt x 794.96806pt.
<Assignment_2_q1.pdf, id=4, page=1, 614.295pt x 794.97pt>
File: Assignment_2_q1.pdf Graphic file (type pdf)
<use Assignment_2_q1.pdf, page 1>
Package pdftex.def Info: Assignment_2_q1.pdf , page1 used on input line 47.
(pdftex.def)             Requested size: 614.29349pt x 794.96806pt.
File: Assignment_2_q1.pdf Graphic file (type pdf)
<use Assignment_2_q1.pdf, page 1>
Package pdftex.def Info: Assignment_2_q1.pdf , page1 used on input line 47.
(pdftex.def)             Requested size: 614.58406pt x 795.3441pt.
 [1

{/usr/local/texlive/2024/texmf-var/fonts/map/pdftex/updmap/pdftex.map}]
File: Assignment_2_q1.pdf Graphic file (type pdf)
<use Assignment_2_q1.pdf, page 1>
Package pdftex.def Info: Assignment_2_q1.pdf , page1 used on input line 47.
(pdftex.def)             Requested size: 614.58406pt x 795.3441pt.
File: Assignment_2_q1.pdf Graphic file (type pdf)
<use Assignment_2_q1.pdf, page 1>
Package pdftex.def Info: Assignment_2_q1.pdf , page1 used on input line 47.
(pdftex.def)             Requested size: 614.58406pt x 795.3441pt.
File: Assignment_2_q1.pdf Graphic file (type pdf)
<use Assignment_2_q1.pdf, page 1>
Package pdftex.def Info: Assignment_2_q1.pdf , page1 used on input line 47.
(pdftex.def)             Requested size: 614.58406pt x 795.3441pt.
 [2

 <./Assignment_2_q1.pdf>]
<Assignment_2_q1.pdf, id=60, page=2, 614.295pt x 794.97pt>
File: Assignment_2_q1.pdf Graphic file (type pdf)
<use Assignment_2_q1.pdf, page 2>
Package pdftex.def Info: Assignment_2_q1.pdf , page2 used on input line 47.
(pdftex.def)             Requested size: 614.58406pt x 795.3441pt.
File: Assignment_2_q1.pdf Graphic file (type pdf)
<use Assignment_2_q1.pdf, page 2>
Package pdftex.def Info: Assignment_2_q1.pdf , page2 used on input line 47.
(pdftex.def)             Requested size: 614.58406pt x 795.3441pt.
File: Assignment_2_q1.pdf Graphic file (type pdf)
<use Assignment_2_q1.pdf, page 2>
Package pdftex.def Info: Assignment_2_q1.pdf , page2 used on input line 47.
(pdftex.def)             Requested size: 614.58406pt x 795.3441pt.
 [3

 <./Assignment_2_q1.pdf>]
<Assignment_2_q2.pdf, id=68, 614.295pt x 794.97pt>
File: Assignment_2_q2.pdf Graphic file (type pdf)
<use Assignment_2_q2.pdf>
Package pdftex.def Info: Assignment_2_q2.pdf  used on input line 101.
(pdftex.def)             Requested size: 614.29349pt x 794.96806pt.
File: Assignment_2_q2.pdf Graphic file (type pdf)
<use Assignment_2_q2.pdf>
Package pdftex.def Info: Assignment_2_q2.pdf  used on input line 101.
(pdftex.def)             Requested size: 614.29349pt x 794.96806pt.
<Assignment_2_q2.pdf, id=71, page=1, 614.295pt x 794.97pt>
File: Assignment_2_q2.pdf Graphic file (type pdf)
<use Assignment_2_q2.pdf, page 1>
Package pdftex.def Info: Assignment_2_q2.pdf , page1 used on input line 101.
(pdftex.def)             Requested size: 614.29349pt x 794.96806pt.
File: Assignment_2_q2.pdf Graphic file (type pdf)
<use Assignment_2_q2.pdf, page 1>
Package pdftex.def Info: Assignment_2_q2.pdf , page1 used on input line 101.
(pdftex.def)             Requested size: 614.58406pt x 795.3441pt.
 [4]
File: Assignment_2_q2.pdf Graphic file (type pdf)
<use Assignment_2_q2.pdf, page 1>
Package pdftex.def Info: Assignment_2_q2.pdf , page1 used on input line 101.
(pdftex.def)             Requested size: 614.58406pt x 795.3441pt.
File: Assignment_2_q2.pdf Graphic file (type pdf)
<use Assignment_2_q2.pdf, page 1>
Package pdftex.def Info: Assignment_2_q2.pdf , page1 used on input line 101.
(pdftex.def)             Requested size: 614.58406pt x 795.3441pt.
File: Assignment_2_q2.pdf Graphic file (type pdf)
<use Assignment_2_q2.pdf, page 1>
Package pdftex.def Info: Assignment_2_q2.pdf , page1 used on input line 101.
(pdftex.def)             Requested size: 614.58406pt x 795.3441pt.
 [5

 <./Assignment_2_q2.pdf>]
<Assignment_2_q2.pdf, id=136, page=2, 614.295pt x 794.97pt>
File: Assignment_2_q2.pdf Graphic file (type pdf)
<use Assignment_2_q2.pdf, page 2>
Package pdftex.def Info: Assignment_2_q2.pdf , page2 used on input line 101.
(pdftex.def)             Requested size: 614.58406pt x 795.3441pt.
File: Assignment_2_q2.pdf Graphic file (type pdf)
<use Assignment_2_q2.pdf, page 2>
Package pdftex.def Info: Assignment_2_q2.pdf , page2 used on input line 101.
(pdftex.def)             Requested size: 614.58406pt x 795.3441pt.
File: Assignment_2_q2.pdf Graphic file (type pdf)
<use Assignment_2_q2.pdf, page 2>
Package pdftex.def Info: Assignment_2_q2.pdf , page2 used on input line 101.
(pdftex.def)             Requested size: 614.58406pt x 795.3441pt.
 [6

 <./Assignment_2_q2.pdf>]
<Assignment_2_q2.pdf, id=140, page=3, 614.295pt x 794.97pt>
File: Assignment_2_q2.pdf Graphic file (type pdf)
<use Assignment_2_q2.pdf, page 3>
Package pdftex.def Info: Assignment_2_q2.pdf , page3 used on input line 101.
(pdftex.def)             Requested size: 614.58406pt x 795.3441pt.
File: Assignment_2_q2.pdf Graphic file (type pdf)
<use Assignment_2_q2.pdf, page 3>
Package pdftex.def Info: Assignment_2_q2.pdf , page3 used on input line 101.
(pdftex.def)             Requested size: 614.58406pt x 795.3441pt.
File: Assignment_2_q2.pdf Graphic file (type pdf)
<use Assignment_2_q2.pdf, page 3>
Package pdftex.def Info: Assignment_2_q2.pdf , page3 used on input line 101.
(pdftex.def)             Requested size: 614.58406pt x 795.3441pt.
 [7

 <./Assignment_2_q2.pdf>]
<Assignment_2_q2.pdf, id=145, page=4, 614.295pt x 794.97pt>
File: Assignment_2_q2.pdf Graphic file (type pdf)
<use Assignment_2_q2.pdf, page 4>
Package pdftex.def Info: Assignment_2_q2.pdf , page4 used on input line 101.
(pdftex.def)             Requested size: 614.58406pt x 795.3441pt.
File: Assignment_2_q2.pdf Graphic file (type pdf)
<use Assignment_2_q2.pdf, page 4>
Package pdftex.def Info: Assignment_2_q2.pdf , page4 used on input line 101.
(pdftex.def)             Requested size: 614.58406pt x 795.3441pt.
File: Assignment_2_q2.pdf Graphic file (type pdf)
<use Assignment_2_q2.pdf, page 4>
Package pdftex.def Info: Assignment_2_q2.pdf , page4 used on input line 101.
(pdftex.def)             Requested size: 614.58406pt x 795.3441pt.
 [8

 <./Assignment_2_q2.pdf>] [9] [10] (./Assignment_2.aux)
 ***********
LaTeX2e <2023-11-01> patch level 1
L3 programming layer <2024-02-20>
 ***********
 ) 
Here is how much of TeX's memory you used:
 4908 strings out of 474116
 75265 string characters out of 5743681
 1940187 words of memory out of 5000000
 27212 multiletter control sequences out of 15000+600000
 565490 words of font info for 64 fonts, out of 8000000 for 9000
 1141 hyphenation exceptions out of 8191
 72i,17n,79p,271b,698s stack positions out of 10000i,1000n,20000p,200000b,200000s
</usr/local/texlive/2024/texmf-dist/fonts/type1/public/amsfonts/cm/cmbx10.pfb></usr/local/texlive/2024/texmf-dist/fonts/type1/public/amsfonts/cm/cmex10.pfb></usr/local/texlive/2024/texmf-dist/fonts/type1/public/amsfonts/cm/cmmi10.pfb></usr/local/texlive/2024/texmf-dist/fonts/type1/public/amsfonts/cm/cmmi8.pfb></usr/local/texlive/2024/texmf-dist/fonts/type1/public/amsfonts/cm/cmr10.pfb></usr/local/texlive/2024/texmf-dist/fonts/type1/public/amsfonts/cm/cmr12.pfb></usr/local/texlive/2024/texmf-dist/fonts/type1/public/amsfonts/cm/cmr17.pfb></usr/local/texlive/2024/texmf-dist/fonts/type1/public/amsfonts/cm/cmr8.pfb></usr/local/texlive/2024/texmf-dist/fonts/type1/public/amsfonts/cm/cmsy10.pfb></usr/local/texlive/2024/texmf-dist/fonts/type1/public/amsfonts/symbols/msbm10.pfb>
Output written on Assignment_2.pdf (10 pages, 197400 bytes).
PDF statistics:
 201 PDF objects out of 1000 (max. 8388607)
 113 compressed objects within 2 object streams
 0 named destinations out of 1000 (max. 500000)
 61 words of extra memory for PDF output out of 10000 (max. 10000000)

